"2024-03-17 00:00:11,177 WARN  [HikariPool-1 housekeeper] com.zaxxer.hikari.pool.HikariPool:HikariPool-1 - Thread starvation or clock leap detected (housekeeper delta=2m34s586ms).
""2024-03-17 00:19:54,041 WARN  [HikariPool-1 housekeeper] com.zaxxer.hikari.pool.HikariPool:HikariPool-1 - Thread starvation or clock leap detected (housekeeper delta=19m42s864ms).
""2024-03-17 00:37:03,003 WARN  [HikariPool-1 housekeeper] com.zaxxer.hikari.pool.HikariPool:HikariPool-1 - Thread starvation or clock leap detected (housekeeper delta=17m8s962ms).
""2024-03-17 00:39:12,677 WARN  [HikariPool-1 housekeeper] com.zaxxer.hikari.pool.HikariPool:HikariPool-1 - Thread starvation or clock leap detected (housekeeper delta=2m9s674ms).
""2024-03-17 02:28:21,034 INFO  [SpringApplicationShutdownHook] org.springframework.orm.jpa.LocalContainerEntityManagerFactoryBean:Closing JPA EntityManagerFactory for persistence unit 'default'
""2024-03-17 02:28:21,037 INFO  [SpringApplicationShutdownHook] com.zaxxer.hikari.HikariDataSource:HikariPool-1 - Shutdown initiated...
""2024-03-17 02:28:21,038 INFO  [SpringApplicationShutdownHook] com.zaxxer.hikari.HikariDataSource:HikariPool-1 - Shutdown completed.
""2024-03-17 02:28:32,050 INFO  [main] com.sophia.SophiaDictionaryApplication:Starting SophiaDictionaryApplication using Java 17.0.9 on Oguzhan-MacBook-Air.local with PID 18331 (/Users/oguzhanturkmen/Desktop/sophia-dictionary/target/classes started by oguzhanturkmen in /Users/oguzhanturkmen/Desktop/sophia-dictionary)
""2024-03-17 02:28:32,051 INFO  [main] com.sophia.SophiaDictionaryApplication:No active profile set, falling back to 1 default profile: "default"
""2024-03-17 02:28:32,351 INFO  [main] org.springframework.data.repository.config.RepositoryConfigurationDelegate:Bootstrapping Spring Data JPA repositories in DEFAULT mode.
""2024-03-17 02:28:32,377 INFO  [main] org.springframework.data.repository.config.RepositoryConfigurationDelegate:Finished Spring Data repository scanning in 24 ms. Found 8 JPA repository interfaces.
""2024-03-17 02:28:32,604 INFO  [main] org.springframework.boot.web.embedded.tomcat.TomcatWebServer:Tomcat initialized with port(s): 8084 (http)
""2024-03-17 02:28:32,607 INFO  [main] org.apache.catalina.core.StandardService:Starting service [Tomcat]
""2024-03-17 02:28:32,607 INFO  [main] org.apache.catalina.core.StandardEngine:Starting Servlet engine: [Apache Tomcat/9.0.68]
""2024-03-17 02:28:32,644 INFO  [main] org.apache.catalina.core.ContainerBase.[Tomcat].[localhost].[/]:Initializing Spring embedded WebApplicationContext
""2024-03-17 02:28:32,644 INFO  [main] org.springframework.boot.web.servlet.context.ServletWebServerApplicationContext:Root WebApplicationContext: initialization completed in 575 ms
""2024-03-17 02:28:32,710 INFO  [main] org.hibernate.jpa.internal.util.LogHelper:HHH000204: Processing PersistenceUnitInfo [name: default]
""2024-03-17 02:28:32,731 INFO  [main] org.hibernate.Version:HHH000412: Hibernate ORM core version 5.6.12.Final
""2024-03-17 02:28:32,784 INFO  [main] org.hibernate.annotations.common.Version:HCANN000001: Hibernate Commons Annotations {5.1.2.Final}
""2024-03-17 02:28:32,815 INFO  [main] com.zaxxer.hikari.HikariDataSource:HikariPool-1 - Starting...
""2024-03-17 02:28:32,899 INFO  [main] com.zaxxer.hikari.HikariDataSource:HikariPool-1 - Start completed.
""2024-03-17 02:28:32,906 INFO  [main] org.hibernate.dialect.Dialect:HHH000400: Using dialect: org.hibernate.dialect.PostgreSQL81Dialect
""2024-03-17 02:28:33,322 INFO  [main] org.hibernate.engine.transaction.jta.platform.internal.JtaPlatformInitiator:HHH000490: Using JtaPlatform implementation: [org.hibernate.engine.transaction.jta.platform.internal.NoJtaPlatform]
""2024-03-17 02:28:33,328 INFO  [main] org.springframework.orm.jpa.LocalContainerEntityManagerFactoryBean:Initialized JPA EntityManagerFactory for persistence unit 'default'
""2024-03-17 02:28:33,754 WARN  [main] org.springframework.boot.autoconfigure.orm.jpa.JpaBaseConfiguration$JpaWebConfiguration:spring.jpa.open-in-view is enabled by default. Therefore, database queries may be performed during view rendering. Explicitly configure spring.jpa.open-in-view to disable this warning
""2024-03-17 02:28:33,949 INFO  [main] org.springframework.security.web.DefaultSecurityFilterChain:Will secure any request with [org.springframework.security.web.session.DisableEncodeUrlFilter@6dc5e857, org.springframework.security.web.context.request.async.WebAsyncManagerIntegrationFilter@5ce0f50a, org.springframework.security.web.context.SecurityContextPersistenceFilter@6c3a7b84, org.springframework.security.web.header.HeaderWriterFilter@15c96f24, org.springframework.web.filter.CorsFilter@c3a1d7f, org.springframework.security.web.authentication.logout.LogoutFilter@49f9758, com.sophia.security.jwt.AuthTokenFilter@c7c07ff, org.springframework.security.web.savedrequest.RequestCacheAwareFilter@1f6ba47b, org.springframework.security.web.servletapi.SecurityContextHolderAwareRequestFilter@1bb78ae, org.springframework.security.web.authentication.AnonymousAuthenticationFilter@63541cd4, org.springframework.security.web.session.SessionManagementFilter@285ac40b, org.springframework.security.web.access.ExceptionTranslationFilter@5b29d699, org.springframework.security.web.access.intercept.FilterSecurityInterceptor@9771c71]
""2024-03-17 02:28:34,075 INFO  [main] org.springframework.boot.web.embedded.tomcat.TomcatWebServer:Tomcat started on port(s): 8084 (http) with context path ''
""2024-03-17 02:28:34,080 INFO  [main] com.sophia.SophiaDictionaryApplication:Started SophiaDictionaryApplication in 2.176 seconds (JVM running for 2.4)
""2024-03-17 02:30:11,835 INFO  [http-nio-8084-exec-1] org.apache.catalina.core.ContainerBase.[Tomcat].[localhost].[/]:Initializing Spring DispatcherServlet 'dispatcherServlet'
""2024-03-17 02:30:11,870 ERROR [http-nio-8084-exec-1] com.sophia.security.jwt.JwtUtils:JWT token is expired: JWT expired at 2024-03-16T23:16:51Z. Current time: 2024-03-17T02:30:11Z, a difference of 11600870 milliseconds.  Allowed clock skew: 0 milliseconds.
""2024-03-17 02:30:11,872 ERROR [http-nio-8084-exec-1] com.sophia.security.jwt.JwtUtils:JWT token is expired: JWT expired at 2024-03-16T23:16:51Z. Current time: 2024-03-17T02:30:11Z, a difference of 11600872 milliseconds.  Allowed clock skew: 0 milliseconds.
""2024-03-17 02:30:11,912 ERROR [http-nio-8084-exec-1] org.apache.catalina.core.ContainerBase.[Tomcat].[localhost].[/].[dispatcherServlet]:Servlet.service() for servlet [dispatcherServlet] in context with path [] threw exception [Request processing failed; nested exception is java.lang.NullPointerException: Cannot invoke "Object.toString()" because the return value of "javax.servlet.http.HttpServletRequest.getAttribute(String)" is null] with root cause
"java.lang.NullPointerException: Cannot invoke "Object.toString()" because the return value of "javax.servlet.http.HttpServletRequest.getAttribute(String)" is null
	at com.sophia.service.business.TopicService.saveTopic(TopicService.java:63)
	at com.sophia.service.business.TopicService$$FastClassBySpringCGLIB$$4a4c4ae6.invoke(<generated>)
	at org.springframework.cglib.proxy.MethodProxy.invoke(MethodProxy.java:218)
	at org.springframework.aop.framework.CglibAopProxy.invokeMethod(CglibAopProxy.java:386)
	at org.springframework.aop.framework.CglibAopProxy.access$000(CglibAopProxy.java:85)
	at org.springframework.aop.framework.CglibAopProxy$DynamicAdvisedInterceptor.intercept(CglibAopProxy.java:704)
	at com.sophia.service.business.TopicService$$EnhancerBySpringCGLIB$$4b52191e.saveTopic(<generated>)
	at com.sophia.controller.business.TopicController.saveTopic(TopicController.java:32)
	at java.base/jdk.internal.reflect.NativeMethodAccessorImpl.invoke0(Native Method)
	at java.base/jdk.internal.reflect.NativeMethodAccessorImpl.invoke(NativeMethodAccessorImpl.java:77)
	at java.base/jdk.internal.reflect.DelegatingMethodAccessorImpl.invoke(DelegatingMethodAccessorImpl.java:43)
	at java.base/java.lang.reflect.Method.invoke(Method.java:568)
	at org.springframework.web.method.support.InvocableHandlerMethod.doInvoke(InvocableHandlerMethod.java:205)
	at org.springframework.web.method.support.InvocableHandlerMethod.invokeForRequest(InvocableHandlerMethod.java:150)
	at org.springframework.web.servlet.mvc.method.annotation.ServletInvocableHandlerMethod.invokeAndHandle(ServletInvocableHandlerMethod.java:117)
	at org.springframework.web.servlet.mvc.method.annotation.RequestMappingHandlerAdapter.invokeHandlerMethod(RequestMappingHandlerAdapter.java:895)
	at org.springframework.web.servlet.mvc.method.annotation.RequestMappingHandlerAdapter.handleInternal(RequestMappingHandlerAdapter.java:808)
	at org.springframework.web.servlet.mvc.method.AbstractHandlerMethodAdapter.handle(AbstractHandlerMethodAdapter.java:87)
	at org.springframework.web.servlet.DispatcherServlet.doDispatch(DispatcherServlet.java:1071)
	at org.springframework.web.servlet.DispatcherServlet.doService(DispatcherServlet.java:964)
	at org.springframework.web.servlet.FrameworkServlet.processRequest(FrameworkServlet.java:1006)
	at org.springframework.web.servlet.FrameworkServlet.doPost(FrameworkServlet.java:909)
	at javax.servlet.http.HttpServlet.service(HttpServlet.java:696)
	at org.springframework.web.servlet.FrameworkServlet.service(FrameworkServlet.java:883)
	at javax.servlet.http.HttpServlet.service(HttpServlet.java:779)
	at org.apache.catalina.core.ApplicationFilterChain.internalDoFilter(ApplicationFilterChain.java:227)
	at org.apache.catalina.core.ApplicationFilterChain.doFilter(ApplicationFilterChain.java:162)
	at org.apache.tomcat.websocket.server.WsFilter.doFilter(WsFilter.java:53)
	at org.apache.catalina.core.ApplicationFilterChain.internalDoFilter(ApplicationFilterChain.java:189)
	at org.apache.catalina.core.ApplicationFilterChain.doFilter(ApplicationFilterChain.java:162)
	at org.springframework.web.filter.OncePerRequestFilter.doFilter(OncePerRequestFilter.java:111)
	at org.apache.catalina.core.ApplicationFilterChain.internalDoFilter(ApplicationFilterChain.java:189)
	at org.apache.catalina.core.ApplicationFilterChain.doFilter(ApplicationFilterChain.java:162)
	at com.sophia.security.jwt.AuthTokenFilter.doFilterInternal(AuthTokenFilter.java:52)
	at org.springframework.web.filter.OncePerRequestFilter.doFilter(OncePerRequestFilter.java:117)
	at org.apache.catalina.core.ApplicationFilterChain.internalDoFilter(ApplicationFilterChain.java:189)
	at org.apache.catalina.core.ApplicationFilterChain.doFilter(ApplicationFilterChain.java:162)
	at org.springframework.security.web.FilterChainProxy$VirtualFilterChain.doFilter(FilterChainProxy.java:337)
	at org.springframework.security.web.access.intercept.FilterSecurityInterceptor.invoke(FilterSecurityInterceptor.java:115)
	at org.springframework.security.web.access.intercept.FilterSecurityInterceptor.doFilter(FilterSecurityInterceptor.java:81)
	at org.springframework.security.web.FilterChainProxy$VirtualFilterChain.doFilter(FilterChainProxy.java:346)
	at org.springframework.security.web.access.ExceptionTranslationFilter.doFilter(ExceptionTranslationFilter.java:122)
	at org.springframework.security.web.access.ExceptionTranslationFilter.doFilter(ExceptionTranslationFilter.java:116)
	at org.springframework.security.web.FilterChainProxy$VirtualFilterChain.doFilter(FilterChainProxy.java:346)
	at org.springframework.security.web.session.SessionManagementFilter.doFilter(SessionManagementFilter.java:126)
	at org.springframework.security.web.session.SessionManagementFilter.doFilter(SessionManagementFilter.java:81)
	at org.springframework.security.web.FilterChainProxy$VirtualFilterChain.doFilter(FilterChainProxy.java:346)
	at org.springframework.security.web.authentication.AnonymousAuthenticationFilter.doFilter(AnonymousAuthenticationFilter.java:109)
	at org.springframework.security.web.FilterChainProxy$VirtualFilterChain.doFilter(FilterChainProxy.java:346)
	at org.springframework.security.web.servletapi.SecurityContextHolderAwareRequestFilter.doFilter(SecurityContextHolderAwareRequestFilter.java:149)
	at org.springframework.security.web.FilterChainProxy$VirtualFilterChain.doFilter(FilterChainProxy.java:346)
	at org.springframework.security.web.savedrequest.RequestCacheAwareFilter.doFilter(RequestCacheAwareFilter.java:63)
	at org.springframework.security.web.FilterChainProxy$VirtualFilterChain.doFilter(FilterChainProxy.java:346)
	at com.sophia.security.jwt.AuthTokenFilter.doFilterInternal(AuthTokenFilter.java:52)
	at org.springframework.web.filter.OncePerRequestFilter.doFilter(OncePerRequestFilter.java:117)
	at org.springframework.security.web.FilterChainProxy$VirtualFilterChain.doFilter(FilterChainProxy.java:346)
	at org.springframework.security.web.authentication.logout.LogoutFilter.doFilter(LogoutFilter.java:103)
	at org.springframework.security.web.authentication.logout.LogoutFilter.doFilter(LogoutFilter.java:89)
	at org.springframework.security.web.FilterChainProxy$VirtualFilterChain.doFilter(FilterChainProxy.java:346)
	at org.springframework.web.filter.CorsFilter.doFilterInternal(CorsFilter.java:91)
	at org.springframework.web.filter.OncePerRequestFilter.doFilter(OncePerRequestFilter.java:117)
	at org.springframework.security.web.FilterChainProxy$VirtualFilterChain.doFilter(FilterChainProxy.java:346)
	at org.springframework.security.web.header.HeaderWriterFilter.doHeadersAfter(HeaderWriterFilter.java:90)
	at org.springframework.security.web.header.HeaderWriterFilter.doFilterInternal(HeaderWriterFilter.java:75)
	at org.springframework.web.filter.OncePerRequestFilter.doFilter(OncePerRequestFilter.java:117)
	at org.springframework.security.web.FilterChainProxy$VirtualFilterChain.doFilter(FilterChainProxy.java:346)
	at org.springframework.security.web.context.SecurityContextPersistenceFilter.doFilter(SecurityContextPersistenceFilter.java:112)
	at org.springframework.security.web.context.SecurityContextPersistenceFilter.doFilter(SecurityContextPersistenceFilter.java:82)
	at org.springframework.security.web.FilterChainProxy$VirtualFilterChain.doFilter(FilterChainProxy.java:346)
	at org.springframework.security.web.context.request.async.WebAsyncManagerIntegrationFilter.doFilterInternal(WebAsyncManagerIntegrationFilter.java:55)
	at org.springframework.web.filter.OncePerRequestFilter.doFilter(OncePerRequestFilter.java:117)
	at org.springframework.security.web.FilterChainProxy$VirtualFilterChain.doFilter(FilterChainProxy.java:346)
	at org.springframework.security.web.session.DisableEncodeUrlFilter.doFilterInternal(DisableEncodeUrlFilter.java:42)
	at org.springframework.web.filter.OncePerRequestFilter.doFilter(OncePerRequestFilter.java:117)
	at org.springframework.security.web.FilterChainProxy$VirtualFilterChain.doFilter(FilterChainProxy.java:346)
	at org.springframework.security.web.FilterChainProxy.doFilterInternal(FilterChainProxy.java:221)
	at org.springframework.security.web.FilterChainProxy.doFilter(FilterChainProxy.java:186)
	at org.springframework.web.filter.DelegatingFilterProxy.invokeDelegate(DelegatingFilterProxy.java:354)
	at org.springframework.web.filter.DelegatingFilterProxy.doFilter(DelegatingFilterProxy.java:267)
	at org.apache.catalina.core.ApplicationFilterChain.internalDoFilter(ApplicationFilterChain.java:189)
	at org.apache.catalina.core.ApplicationFilterChain.doFilter(ApplicationFilterChain.java:162)
	at org.springframework.web.filter.RequestContextFilter.doFilterInternal(RequestContextFilter.java:100)
	at org.springframework.web.filter.OncePerRequestFilter.doFilter(OncePerRequestFilter.java:117)
	at org.apache.catalina.core.ApplicationFilterChain.internalDoFilter(ApplicationFilterChain.java:189)
	at org.apache.catalina.core.ApplicationFilterChain.doFilter(ApplicationFilterChain.java:162)
	at org.springframework.web.filter.FormContentFilter.doFilterInternal(FormContentFilter.java:93)
	at org.springframework.web.filter.OncePerRequestFilter.doFilter(OncePerRequestFilter.java:117)
	at org.apache.catalina.core.ApplicationFilterChain.internalDoFilter(ApplicationFilterChain.java:189)
	at org.apache.catalina.core.ApplicationFilterChain.doFilter(ApplicationFilterChain.java:162)
	at org.springframework.web.filter.CharacterEncodingFilter.doFilterInternal(CharacterEncodingFilter.java:201)
	at org.springframework.web.filter.OncePerRequestFilter.doFilter(OncePerRequestFilter.java:117)
	at org.apache.catalina.core.ApplicationFilterChain.internalDoFilter(ApplicationFilterChain.java:189)
	at org.apache.catalina.core.ApplicationFilterChain.doFilter(ApplicationFilterChain.java:162)
	at org.apache.catalina.core.StandardWrapperValve.invoke(StandardWrapperValve.java:197)
	at org.apache.catalina.core.StandardContextValve.invoke(StandardContextValve.java:97)
	at org.apache.catalina.authenticator.AuthenticatorBase.invoke(AuthenticatorBase.java:541)
	at org.apache.catalina.core.StandardHostValve.invoke(StandardHostValve.java:135)
	at org.apache.catalina.valves.ErrorReportValve.invoke(ErrorReportValve.java:92)
	at org.apache.catalina.core.StandardEngineValve.invoke(StandardEngineValve.java:78)
	at org.apache.catalina.connector.CoyoteAdapter.service(CoyoteAdapter.java:360)
	at org.apache.coyote.http11.Http11Processor.service(Http11Processor.java:399)
	at org.apache.coyote.AbstractProcessorLight.process(AbstractProcessorLight.java:65)
	at org.apache.coyote.AbstractProtocol$ConnectionHandler.process(AbstractProtocol.java:893)
	at org.apache.tomcat.util.net.NioEndpoint$SocketProcessor.doRun(NioEndpoint.java:1789)
	at org.apache.tomcat.util.net.SocketProcessorBase.run(SocketProcessorBase.java:49)
	at org.apache.tomcat.util.threads.ThreadPoolExecutor.runWorker(ThreadPoolExecutor.java:1191)
	at org.apache.tomcat.util.threads.ThreadPoolExecutor$Worker.run(ThreadPoolExecutor.java:659)
	at org.apache.tomcat.util.threads.TaskThread$WrappingRunnable.run(TaskThread.java:61)
	at java.base/java.lang.Thread.run(Thread.java:840)
"2024-03-17 02:31:41,902 ERROR [http-nio-8084-exec-2] com.sophia.security.jwt.JwtUtils:JWT token is expired: JWT expired at 2024-03-16T23:16:51Z. Current time: 2024-03-17T02:31:41Z, a difference of 11690901 milliseconds.  Allowed clock skew: 0 milliseconds.
""2024-03-17 02:31:41,907 ERROR [http-nio-8084-exec-2] com.sophia.security.jwt.AuthEntryPointJwt:Unauthorized error: Full authentication is required to access this resource
""2024-03-17 02:32:27,702 ERROR [http-nio-8084-exec-4] com.sophia.security.jwt.JwtUtils:JWT token is expired: JWT expired at 2024-03-16T23:16:51Z. Current time: 2024-03-17T02:32:27Z, a difference of 11736702 milliseconds.  Allowed clock skew: 0 milliseconds.
""2024-03-17 02:32:27,704 ERROR [http-nio-8084-exec-4] com.sophia.security.jwt.JwtUtils:JWT token is expired: JWT expired at 2024-03-16T23:16:51Z. Current time: 2024-03-17T02:32:27Z, a difference of 11736704 milliseconds.  Allowed clock skew: 0 milliseconds.
""2024-03-17 02:32:27,718 ERROR [http-nio-8084-exec-5] com.sophia.security.jwt.JwtUtils:JWT token is expired: JWT expired at 2024-03-16T23:16:51Z. Current time: 2024-03-17T02:32:27Z, a difference of 11736718 milliseconds.  Allowed clock skew: 0 milliseconds.
""2024-03-17 02:32:27,719 ERROR [http-nio-8084-exec-5] com.sophia.security.jwt.JwtUtils:JWT token is expired: JWT expired at 2024-03-16T23:16:51Z. Current time: 2024-03-17T02:32:27Z, a difference of 11736719 milliseconds.  Allowed clock skew: 0 milliseconds.
""2024-03-17 02:32:30,352 ERROR [http-nio-8084-exec-6] com.sophia.security.jwt.JwtUtils:JWT token is expired: JWT expired at 2024-03-16T23:16:51Z. Current time: 2024-03-17T02:32:30Z, a difference of 11739352 milliseconds.  Allowed clock skew: 0 milliseconds.
""2024-03-17 02:32:30,353 ERROR [http-nio-8084-exec-6] com.sophia.security.jwt.AuthEntryPointJwt:Unauthorized error: Full authentication is required to access this resource
""2024-03-17 02:32:57,783 ERROR [http-nio-8084-exec-7] com.sophia.security.jwt.JwtUtils:JWT token is expired: JWT expired at 2024-03-16T23:16:51Z. Current time: 2024-03-17T02:32:57Z, a difference of 11766783 milliseconds.  Allowed clock skew: 0 milliseconds.
""2024-03-17 02:32:57,791 ERROR [http-nio-8084-exec-7] com.sophia.security.jwt.JwtUtils:JWT token is expired: JWT expired at 2024-03-16T23:16:51Z. Current time: 2024-03-17T02:32:57Z, a difference of 11766790 milliseconds.  Allowed clock skew: 0 milliseconds.
""2024-03-17 02:32:57,805 ERROR [http-nio-8084-exec-8] com.sophia.security.jwt.JwtUtils:JWT token is expired: JWT expired at 2024-03-16T23:16:51Z. Current time: 2024-03-17T02:32:57Z, a difference of 11766804 milliseconds.  Allowed clock skew: 0 milliseconds.
""2024-03-17 02:32:57,807 ERROR [http-nio-8084-exec-8] com.sophia.security.jwt.JwtUtils:JWT token is expired: JWT expired at 2024-03-16T23:16:51Z. Current time: 2024-03-17T02:32:57Z, a difference of 11766807 milliseconds.  Allowed clock skew: 0 milliseconds.
""2024-03-17 02:33:03,623 ERROR [http-nio-8084-exec-2] com.sophia.security.jwt.JwtUtils:JWT token is expired: JWT expired at 2024-03-16T23:16:51Z. Current time: 2024-03-17T02:33:03Z, a difference of 11772622 milliseconds.  Allowed clock skew: 0 milliseconds.
""2024-03-17 02:33:03,624 ERROR [http-nio-8084-exec-2] com.sophia.security.jwt.JwtUtils:JWT token is expired: JWT expired at 2024-03-16T23:16:51Z. Current time: 2024-03-17T02:33:03Z, a difference of 11772624 milliseconds.  Allowed clock skew: 0 milliseconds.
""2024-03-17 02:33:03,638 ERROR [http-nio-8084-exec-3] com.sophia.security.jwt.JwtUtils:JWT token is expired: JWT expired at 2024-03-16T23:16:51Z. Current time: 2024-03-17T02:33:03Z, a difference of 11772638 milliseconds.  Allowed clock skew: 0 milliseconds.
""2024-03-17 02:33:03,640 ERROR [http-nio-8084-exec-3] com.sophia.security.jwt.JwtUtils:JWT token is expired: JWT expired at 2024-03-16T23:16:51Z. Current time: 2024-03-17T02:33:03Z, a difference of 11772640 milliseconds.  Allowed clock skew: 0 milliseconds.
""2024-03-17 02:43:46,803 INFO  [SpringApplicationShutdownHook] org.springframework.orm.jpa.LocalContainerEntityManagerFactoryBean:Closing JPA EntityManagerFactory for persistence unit 'default'
""2024-03-17 02:43:46,805 INFO  [SpringApplicationShutdownHook] com.zaxxer.hikari.HikariDataSource:HikariPool-1 - Shutdown initiated...
""2024-03-17 02:43:46,806 INFO  [SpringApplicationShutdownHook] com.zaxxer.hikari.HikariDataSource:HikariPool-1 - Shutdown completed.
""2024-03-17 02:43:48,543 INFO  [main] com.sophia.SophiaDictionaryApplication:Starting SophiaDictionaryApplication using Java 17.0.9 on Oguzhan-MacBook-Air.local with PID 18666 (/Users/oguzhanturkmen/Desktop/sophia-dictionary/target/classes started by oguzhanturkmen in /Users/oguzhanturkmen/Desktop/sophia-dictionary)
""2024-03-17 02:43:48,544 INFO  [main] com.sophia.SophiaDictionaryApplication:No active profile set, falling back to 1 default profile: "default"
""2024-03-17 02:43:48,838 INFO  [main] org.springframework.data.repository.config.RepositoryConfigurationDelegate:Bootstrapping Spring Data JPA repositories in DEFAULT mode.
""2024-03-17 02:43:48,864 INFO  [main] org.springframework.data.repository.config.RepositoryConfigurationDelegate:Finished Spring Data repository scanning in 23 ms. Found 8 JPA repository interfaces.
""2024-03-17 02:43:49,067 INFO  [main] org.springframework.boot.web.embedded.tomcat.TomcatWebServer:Tomcat initialized with port(s): 8084 (http)
""2024-03-17 02:43:49,071 INFO  [main] org.apache.catalina.core.StandardService:Starting service [Tomcat]
""2024-03-17 02:43:49,071 INFO  [main] org.apache.catalina.core.StandardEngine:Starting Servlet engine: [Apache Tomcat/9.0.68]
""2024-03-17 02:43:49,102 INFO  [main] org.apache.catalina.core.ContainerBase.[Tomcat].[localhost].[/]:Initializing Spring embedded WebApplicationContext
""2024-03-17 02:43:49,102 INFO  [main] org.springframework.boot.web.servlet.context.ServletWebServerApplicationContext:Root WebApplicationContext: initialization completed in 542 ms
""2024-03-17 02:43:49,161 INFO  [main] org.hibernate.jpa.internal.util.LogHelper:HHH000204: Processing PersistenceUnitInfo [name: default]
""2024-03-17 02:43:49,177 INFO  [main] org.hibernate.Version:HHH000412: Hibernate ORM core version 5.6.12.Final
""2024-03-17 02:43:49,223 INFO  [main] org.hibernate.annotations.common.Version:HCANN000001: Hibernate Commons Annotations {5.1.2.Final}
""2024-03-17 02:43:49,254 INFO  [main] com.zaxxer.hikari.HikariDataSource:HikariPool-1 - Starting...
""2024-03-17 02:43:49,470 INFO  [main] com.zaxxer.hikari.HikariDataSource:HikariPool-1 - Start completed.
""2024-03-17 02:43:49,477 INFO  [main] org.hibernate.dialect.Dialect:HHH000400: Using dialect: org.hibernate.dialect.PostgreSQL81Dialect
""2024-03-17 02:43:49,857 INFO  [main] org.hibernate.engine.transaction.jta.platform.internal.JtaPlatformInitiator:HHH000490: Using JtaPlatform implementation: [org.hibernate.engine.transaction.jta.platform.internal.NoJtaPlatform]
""2024-03-17 02:43:49,862 INFO  [main] org.springframework.orm.jpa.LocalContainerEntityManagerFactoryBean:Initialized JPA EntityManagerFactory for persistence unit 'default'
""2024-03-17 02:43:50,034 WARN  [main] org.springframework.boot.web.servlet.context.AnnotationConfigServletWebServerApplicationContext:Exception encountered during context initialization - cancelling refresh attempt: org.springframework.beans.factory.UnsatisfiedDependencyException: Error creating bean with name 'appStartupRunner' defined in file [/Users/oguzhanturkmen/Desktop/sophia-dictionary/target/classes/com/sophia/AppStartupRunner.class]: Unsatisfied dependency expressed through constructor parameter 0; nested exception is org.springframework.beans.factory.BeanCreationException: Error creating bean with name 'channelRepository' defined in com.sophia.repository.business.ChannelRepository defined in @EnableJpaRepositories declared on JpaRepositoriesRegistrar.EnableJpaRepositoriesConfiguration: Invocation of init method failed; nested exception is org.springframework.data.repository.query.QueryCreationException: Could not create query for public abstract java.util.List com.sophia.repository.business.ChannelRepository.findTagsByNames(java.lang.String[]); Reason: Failed to create query for method public abstract java.util.List com.sophia.repository.business.ChannelRepository.findTagsByNames(java.lang.String[])! No property 'names' found for type 'ChannelTag' Did you mean ''name''; nested exception is java.lang.IllegalArgumentException: Failed to create query for method public abstract java.util.List com.sophia.repository.business.ChannelRepository.findTagsByNames(java.lang.String[])! No property 'names' found for type 'ChannelTag' Did you mean ''name''
""2024-03-17 02:43:50,035 INFO  [main] org.springframework.orm.jpa.LocalContainerEntityManagerFactoryBean:Closing JPA EntityManagerFactory for persistence unit 'default'
""2024-03-17 02:43:50,035 INFO  [main] com.zaxxer.hikari.HikariDataSource:HikariPool-1 - Shutdown initiated...
""2024-03-17 02:43:50,036 INFO  [main] com.zaxxer.hikari.HikariDataSource:HikariPool-1 - Shutdown completed.
""2024-03-17 02:43:50,037 INFO  [main] org.apache.catalina.core.StandardService:Stopping service [Tomcat]
""2024-03-17 02:43:50,041 INFO  [main] org.springframework.boot.autoconfigure.logging.ConditionEvaluationReportLoggingListener:

Error starting ApplicationContext. To display the conditions report re-run your application with 'debug' enabled.
""2024-03-17 02:43:50,049 ERROR [main] org.springframework.boot.SpringApplication:Application run failed
"org.springframework.beans.factory.UnsatisfiedDependencyException: Error creating bean with name 'appStartupRunner' defined in file [/Users/oguzhanturkmen/Desktop/sophia-dictionary/target/classes/com/sophia/AppStartupRunner.class]: Unsatisfied dependency expressed through constructor parameter 0; nested exception is org.springframework.beans.factory.BeanCreationException: Error creating bean with name 'channelRepository' defined in com.sophia.repository.business.ChannelRepository defined in @EnableJpaRepositories declared on JpaRepositoriesRegistrar.EnableJpaRepositoriesConfiguration: Invocation of init method failed; nested exception is org.springframework.data.repository.query.QueryCreationException: Could not create query for public abstract java.util.List com.sophia.repository.business.ChannelRepository.findTagsByNames(java.lang.String[]); Reason: Failed to create query for method public abstract java.util.List com.sophia.repository.business.ChannelRepository.findTagsByNames(java.lang.String[])! No property 'names' found for type 'ChannelTag' Did you mean ''name''; nested exception is java.lang.IllegalArgumentException: Failed to create query for method public abstract java.util.List com.sophia.repository.business.ChannelRepository.findTagsByNames(java.lang.String[])! No property 'names' found for type 'ChannelTag' Did you mean ''name''
	at org.springframework.beans.factory.support.ConstructorResolver.createArgumentArray(ConstructorResolver.java:800)
	at org.springframework.beans.factory.support.ConstructorResolver.autowireConstructor(ConstructorResolver.java:229)
	at org.springframework.beans.factory.support.AbstractAutowireCapableBeanFactory.autowireConstructor(AbstractAutowireCapableBeanFactory.java:1372)
	at org.springframework.beans.factory.support.AbstractAutowireCapableBeanFactory.createBeanInstance(AbstractAutowireCapableBeanFactory.java:1222)
	at org.springframework.beans.factory.support.AbstractAutowireCapableBeanFactory.doCreateBean(AbstractAutowireCapableBeanFactory.java:582)
	at org.springframework.beans.factory.support.AbstractAutowireCapableBeanFactory.createBean(AbstractAutowireCapableBeanFactory.java:542)
	at org.springframework.beans.factory.support.AbstractBeanFactory.lambda$doGetBean$0(AbstractBeanFactory.java:335)
	at org.springframework.beans.factory.support.DefaultSingletonBeanRegistry.getSingleton(DefaultSingletonBeanRegistry.java:234)
	at org.springframework.beans.factory.support.AbstractBeanFactory.doGetBean(AbstractBeanFactory.java:333)
	at org.springframework.beans.factory.support.AbstractBeanFactory.getBean(AbstractBeanFactory.java:208)
	at org.springframework.beans.factory.support.DefaultListableBeanFactory.preInstantiateSingletons(DefaultListableBeanFactory.java:955)
	at org.springframework.context.support.AbstractApplicationContext.finishBeanFactoryInitialization(AbstractApplicationContext.java:918)
	at org.springframework.context.support.AbstractApplicationContext.refresh(AbstractApplicationContext.java:583)
	at org.springframework.boot.web.servlet.context.ServletWebServerApplicationContext.refresh(ServletWebServerApplicationContext.java:147)
	at org.springframework.boot.SpringApplication.refresh(SpringApplication.java:734)
	at org.springframework.boot.SpringApplication.refreshContext(SpringApplication.java:408)
	at org.springframework.boot.SpringApplication.run(SpringApplication.java:308)
	at org.springframework.boot.SpringApplication.run(SpringApplication.java:1306)
	at org.springframework.boot.SpringApplication.run(SpringApplication.java:1295)
	at com.sophia.SophiaDictionaryApplication.main(SophiaDictionaryApplication.java:10)
Caused by: org.springframework.beans.factory.BeanCreationException: Error creating bean with name 'channelRepository' defined in com.sophia.repository.business.ChannelRepository defined in @EnableJpaRepositories declared on JpaRepositoriesRegistrar.EnableJpaRepositoriesConfiguration: Invocation of init method failed; nested exception is org.springframework.data.repository.query.QueryCreationException: Could not create query for public abstract java.util.List com.sophia.repository.business.ChannelRepository.findTagsByNames(java.lang.String[]); Reason: Failed to create query for method public abstract java.util.List com.sophia.repository.business.ChannelRepository.findTagsByNames(java.lang.String[])! No property 'names' found for type 'ChannelTag' Did you mean ''name''; nested exception is java.lang.IllegalArgumentException: Failed to create query for method public abstract java.util.List com.sophia.repository.business.ChannelRepository.findTagsByNames(java.lang.String[])! No property 'names' found for type 'ChannelTag' Did you mean ''name''
	at org.springframework.beans.factory.support.AbstractAutowireCapableBeanFactory.initializeBean(AbstractAutowireCapableBeanFactory.java:1804)
	at org.springframework.beans.factory.support.AbstractAutowireCapableBeanFactory.doCreateBean(AbstractAutowireCapableBeanFactory.java:620)
	at org.springframework.beans.factory.support.AbstractAutowireCapableBeanFactory.createBean(AbstractAutowireCapableBeanFactory.java:542)
	at org.springframework.beans.factory.support.AbstractBeanFactory.lambda$doGetBean$0(AbstractBeanFactory.java:335)
	at org.springframework.beans.factory.support.DefaultSingletonBeanRegistry.getSingleton(DefaultSingletonBeanRegistry.java:234)
	at org.springframework.beans.factory.support.AbstractBeanFactory.doGetBean(AbstractBeanFactory.java:333)
	at org.springframework.beans.factory.support.AbstractBeanFactory.getBean(AbstractBeanFactory.java:208)
	at org.springframework.beans.factory.config.DependencyDescriptor.resolveCandidate(DependencyDescriptor.java:276)
	at org.springframework.beans.factory.support.DefaultListableBeanFactory.doResolveDependency(DefaultListableBeanFactory.java:1391)
	at org.springframework.beans.factory.support.DefaultListableBeanFactory.resolveDependency(DefaultListableBeanFactory.java:1311)
	at org.springframework.beans.factory.support.ConstructorResolver.resolveAutowiredArgument(ConstructorResolver.java:887)
	at org.springframework.beans.factory.support.ConstructorResolver.createArgumentArray(ConstructorResolver.java:791)
	... 19 common frames omitted
Caused by: org.springframework.data.repository.query.QueryCreationException: Could not create query for public abstract java.util.List com.sophia.repository.business.ChannelRepository.findTagsByNames(java.lang.String[]); Reason: Failed to create query for method public abstract java.util.List com.sophia.repository.business.ChannelRepository.findTagsByNames(java.lang.String[])! No property 'names' found for type 'ChannelTag' Did you mean ''name''; nested exception is java.lang.IllegalArgumentException: Failed to create query for method public abstract java.util.List com.sophia.repository.business.ChannelRepository.findTagsByNames(java.lang.String[])! No property 'names' found for type 'ChannelTag' Did you mean ''name''
	at org.springframework.data.repository.query.QueryCreationException.create(QueryCreationException.java:101)
	at org.springframework.data.repository.core.support.QueryExecutorMethodInterceptor.lookupQuery(QueryExecutorMethodInterceptor.java:107)
	at org.springframework.data.repository.core.support.QueryExecutorMethodInterceptor.lambda$mapMethodsToQuery$1(QueryExecutorMethodInterceptor.java:95)
	at java.base/java.util.stream.ReferencePipeline$3$1.accept(ReferencePipeline.java:197)
	at java.base/java.util.Iterator.forEachRemaining(Iterator.java:133)
	at java.base/java.util.Collections$UnmodifiableCollection$1.forEachRemaining(Collections.java:1061)
	at java.base/java.util.Spliterators$IteratorSpliterator.forEachRemaining(Spliterators.java:1845)
	at java.base/java.util.stream.AbstractPipeline.copyInto(AbstractPipeline.java:509)
	at java.base/java.util.stream.AbstractPipeline.wrapAndCopyInto(AbstractPipeline.java:499)
	at java.base/java.util.stream.ReduceOps$ReduceOp.evaluateSequential(ReduceOps.java:921)
	at java.base/java.util.stream.AbstractPipeline.evaluate(AbstractPipeline.java:234)
	at java.base/java.util.stream.ReferencePipeline.collect(ReferencePipeline.java:682)
	at org.springframework.data.repository.core.support.QueryExecutorMethodInterceptor.mapMethodsToQuery(QueryExecutorMethodInterceptor.java:97)
	at org.springframework.data.repository.core.support.QueryExecutorMethodInterceptor.lambda$new$0(QueryExecutorMethodInterceptor.java:87)
	at java.base/java.util.Optional.map(Optional.java:260)
	at org.springframework.data.repository.core.support.QueryExecutorMethodInterceptor.<init>(QueryExecutorMethodInterceptor.java:87)
	at org.springframework.data.repository.core.support.RepositoryFactorySupport.getRepository(RepositoryFactorySupport.java:365)
	at org.springframework.data.repository.core.support.RepositoryFactoryBeanSupport.lambda$afterPropertiesSet$5(RepositoryFactoryBeanSupport.java:323)
	at org.springframework.data.util.Lazy.getNullable(Lazy.java:231)
	at org.springframework.data.util.Lazy.get(Lazy.java:115)
	at org.springframework.data.repository.core.support.RepositoryFactoryBeanSupport.afterPropertiesSet(RepositoryFactoryBeanSupport.java:329)
	at org.springframework.data.jpa.repository.support.JpaRepositoryFactoryBean.afterPropertiesSet(JpaRepositoryFactoryBean.java:144)
	at org.springframework.beans.factory.support.AbstractAutowireCapableBeanFactory.invokeInitMethods(AbstractAutowireCapableBeanFactory.java:1863)
	at org.springframework.beans.factory.support.AbstractAutowireCapableBeanFactory.initializeBean(AbstractAutowireCapableBeanFactory.java:1800)
	... 30 common frames omitted
Caused by: java.lang.IllegalArgumentException: Failed to create query for method public abstract java.util.List com.sophia.repository.business.ChannelRepository.findTagsByNames(java.lang.String[])! No property 'names' found for type 'ChannelTag' Did you mean ''name''
	at org.springframework.data.jpa.repository.query.PartTreeJpaQuery.<init>(PartTreeJpaQuery.java:96)
	at org.springframework.data.jpa.repository.query.JpaQueryLookupStrategy$CreateQueryLookupStrategy.resolveQuery(JpaQueryLookupStrategy.java:119)
	at org.springframework.data.jpa.repository.query.JpaQueryLookupStrategy$CreateIfNotFoundQueryLookupStrategy.resolveQuery(JpaQueryLookupStrategy.java:259)
	at org.springframework.data.jpa.repository.query.JpaQueryLookupStrategy$AbstractQueryLookupStrategy.resolveQuery(JpaQueryLookupStrategy.java:93)
	at org.springframework.data.repository.core.support.QueryExecutorMethodInterceptor.lookupQuery(QueryExecutorMethodInterceptor.java:103)
	... 52 common frames omitted
Caused by: org.springframework.data.mapping.PropertyReferenceException: No property 'names' found for type 'ChannelTag' Did you mean ''name''
	at org.springframework.data.mapping.PropertyPath.<init>(PropertyPath.java:91)
	at org.springframework.data.mapping.PropertyPath.create(PropertyPath.java:438)
	at org.springframework.data.mapping.PropertyPath.create(PropertyPath.java:414)
	at org.springframework.data.mapping.PropertyPath.lambda$from$0(PropertyPath.java:367)
	at java.base/java.util.concurrent.ConcurrentMap.computeIfAbsent(ConcurrentMap.java:330)
	at org.springframework.data.mapping.PropertyPath.from(PropertyPath.java:349)
	at org.springframework.data.mapping.PropertyPath.from(PropertyPath.java:332)
	at org.springframework.data.repository.query.parser.Part.<init>(Part.java:81)
	at org.springframework.data.repository.query.parser.PartTree$OrPart.lambda$new$0(PartTree.java:250)
	at java.base/java.util.stream.ReferencePipeline$3$1.accept(ReferencePipeline.java:197)
	at java.base/java.util.stream.ReferencePipeline$2$1.accept(ReferencePipeline.java:179)
	at java.base/java.util.Spliterators$ArraySpliterator.forEachRemaining(Spliterators.java:992)
	at java.base/java.util.stream.AbstractPipeline.copyInto(AbstractPipeline.java:509)
	at java.base/java.util.stream.AbstractPipeline.wrapAndCopyInto(AbstractPipeline.java:499)
	at java.base/java.util.stream.ReduceOps$ReduceOp.evaluateSequential(ReduceOps.java:921)
	at java.base/java.util.stream.AbstractPipeline.evaluate(AbstractPipeline.java:234)
	at java.base/java.util.stream.ReferencePipeline.collect(ReferencePipeline.java:682)
	at org.springframework.data.repository.query.parser.PartTree$OrPart.<init>(PartTree.java:251)
	at org.springframework.data.repository.query.parser.PartTree$Predicate.lambda$new$0(PartTree.java:384)
	at java.base/java.util.stream.ReferencePipeline$3$1.accept(ReferencePipeline.java:197)
	at java.base/java.util.stream.ReferencePipeline$2$1.accept(ReferencePipeline.java:179)
	at java.base/java.util.Spliterators$ArraySpliterator.forEachRemaining(Spliterators.java:992)
	at java.base/java.util.stream.AbstractPipeline.copyInto(AbstractPipeline.java:509)
	at java.base/java.util.stream.AbstractPipeline.wrapAndCopyInto(AbstractPipeline.java:499)
	at java.base/java.util.stream.ReduceOps$ReduceOp.evaluateSequential(ReduceOps.java:921)
	at java.base/java.util.stream.AbstractPipeline.evaluate(AbstractPipeline.java:234)
	at java.base/java.util.stream.ReferencePipeline.collect(ReferencePipeline.java:682)
	at org.springframework.data.repository.query.parser.PartTree$Predicate.<init>(PartTree.java:385)
	at org.springframework.data.repository.query.parser.PartTree.<init>(PartTree.java:96)
	at org.springframework.data.jpa.repository.query.PartTreeJpaQuery.<init>(PartTreeJpaQuery.java:89)
	... 56 common frames omitted
"2024-03-17 02:44:54,423 INFO  [main] com.sophia.SophiaDictionaryApplication:Starting SophiaDictionaryApplication using Java 17.0.9 on Oguzhan-MacBook-Air.local with PID 18708 (/Users/oguzhanturkmen/Desktop/sophia-dictionary/target/classes started by oguzhanturkmen in /Users/oguzhanturkmen/Desktop/sophia-dictionary)
""2024-03-17 02:44:54,424 INFO  [main] com.sophia.SophiaDictionaryApplication:No active profile set, falling back to 1 default profile: "default"
""2024-03-17 02:44:54,687 INFO  [main] org.springframework.data.repository.config.RepositoryConfigurationDelegate:Bootstrapping Spring Data JPA repositories in DEFAULT mode.
""2024-03-17 02:44:54,712 INFO  [main] org.springframework.data.repository.config.RepositoryConfigurationDelegate:Finished Spring Data repository scanning in 23 ms. Found 8 JPA repository interfaces.
""2024-03-17 02:44:54,905 INFO  [main] org.springframework.boot.web.embedded.tomcat.TomcatWebServer:Tomcat initialized with port(s): 8084 (http)
""2024-03-17 02:44:54,908 INFO  [main] org.apache.catalina.core.StandardService:Starting service [Tomcat]
""2024-03-17 02:44:54,908 INFO  [main] org.apache.catalina.core.StandardEngine:Starting Servlet engine: [Apache Tomcat/9.0.68]
""2024-03-17 02:44:54,937 INFO  [main] org.apache.catalina.core.ContainerBase.[Tomcat].[localhost].[/]:Initializing Spring embedded WebApplicationContext
""2024-03-17 02:44:54,937 INFO  [main] org.springframework.boot.web.servlet.context.ServletWebServerApplicationContext:Root WebApplicationContext: initialization completed in 498 ms
""2024-03-17 02:44:54,992 INFO  [main] org.hibernate.jpa.internal.util.LogHelper:HHH000204: Processing PersistenceUnitInfo [name: default]
""2024-03-17 02:44:55,005 INFO  [main] org.hibernate.Version:HHH000412: Hibernate ORM core version 5.6.12.Final
""2024-03-17 02:44:55,045 INFO  [main] org.hibernate.annotations.common.Version:HCANN000001: Hibernate Commons Annotations {5.1.2.Final}
""2024-03-17 02:44:55,070 INFO  [main] com.zaxxer.hikari.HikariDataSource:HikariPool-1 - Starting...
""2024-03-17 02:44:55,130 INFO  [main] com.zaxxer.hikari.HikariDataSource:HikariPool-1 - Start completed.
""2024-03-17 02:44:55,135 INFO  [main] org.hibernate.dialect.Dialect:HHH000400: Using dialect: org.hibernate.dialect.PostgreSQL81Dialect
""2024-03-17 02:44:55,523 INFO  [main] org.hibernate.engine.transaction.jta.platform.internal.JtaPlatformInitiator:HHH000490: Using JtaPlatform implementation: [org.hibernate.engine.transaction.jta.platform.internal.NoJtaPlatform]
""2024-03-17 02:44:55,528 INFO  [main] org.springframework.orm.jpa.LocalContainerEntityManagerFactoryBean:Initialized JPA EntityManagerFactory for persistence unit 'default'
""2024-03-17 02:44:55,806 WARN  [main] org.springframework.boot.web.servlet.context.AnnotationConfigServletWebServerApplicationContext:Exception encountered during context initialization - cancelling refresh attempt: org.springframework.beans.factory.UnsatisfiedDependencyException: Error creating bean with name 'entryController' defined in file [/Users/oguzhanturkmen/Desktop/sophia-dictionary/target/classes/com/sophia/controller/business/EntryController.class]: Unsatisfied dependency expressed through constructor parameter 0; nested exception is org.springframework.beans.factory.UnsatisfiedDependencyException: Error creating bean with name 'entryService' defined in file [/Users/oguzhanturkmen/Desktop/sophia-dictionary/target/classes/com/sophia/service/business/EntryService.class]: Unsatisfied dependency expressed through constructor parameter 0; nested exception is org.springframework.beans.factory.UnsatisfiedDependencyException: Error creating bean with name 'topicService' defined in file [/Users/oguzhanturkmen/Desktop/sophia-dictionary/target/classes/com/sophia/service/business/TopicService.class]: Unsatisfied dependency expressed through constructor parameter 0; nested exception is org.springframework.beans.factory.BeanCreationException: Error creating bean with name 'topicRepository' defined in com.sophia.repository.business.TopicRepository defined in @EnableJpaRepositories declared on JpaRepositoriesRegistrar.EnableJpaRepositoriesConfiguration: Invocation of init method failed; nested exception is org.springframework.data.repository.query.QueryCreationException: Could not create query for public abstract org.springframework.data.domain.Page com.sophia.repository.business.TopicRepository.findTopicsByChannelTags(java.util.List,org.springframework.data.domain.Pageable); Reason: Failed to create query for method public abstract org.springframework.data.domain.Page com.sophia.repository.business.TopicRepository.findTopicsByChannelTags(java.util.List,org.springframework.data.domain.Pageable)! Operator SIMPLE_PROPERTY on channelTags requires a scalar argument, found interface java.util.List in method public abstract org.springframework.data.domain.Page com.sophia.repository.business.TopicRepository.findTopicsByChannelTags(java.util.List,org.springframework.data.domain.Pageable).; nested exception is java.lang.IllegalArgumentException: Failed to create query for method public abstract org.springframework.data.domain.Page com.sophia.repository.business.TopicRepository.findTopicsByChannelTags(java.util.List,org.springframework.data.domain.Pageable)! Operator SIMPLE_PROPERTY on channelTags requires a scalar argument, found interface java.util.List in method public abstract org.springframework.data.domain.Page com.sophia.repository.business.TopicRepository.findTopicsByChannelTags(java.util.List,org.springframework.data.domain.Pageable).
""2024-03-17 02:44:55,806 INFO  [main] org.springframework.orm.jpa.LocalContainerEntityManagerFactoryBean:Closing JPA EntityManagerFactory for persistence unit 'default'
""2024-03-17 02:44:55,807 INFO  [main] com.zaxxer.hikari.HikariDataSource:HikariPool-1 - Shutdown initiated...
""2024-03-17 02:44:55,808 INFO  [main] com.zaxxer.hikari.HikariDataSource:HikariPool-1 - Shutdown completed.
""2024-03-17 02:44:55,809 INFO  [main] org.apache.catalina.core.StandardService:Stopping service [Tomcat]
""2024-03-17 02:44:55,814 INFO  [main] org.springframework.boot.autoconfigure.logging.ConditionEvaluationReportLoggingListener:

Error starting ApplicationContext. To display the conditions report re-run your application with 'debug' enabled.
""2024-03-17 02:44:55,821 ERROR [main] org.springframework.boot.SpringApplication:Application run failed
"org.springframework.beans.factory.UnsatisfiedDependencyException: Error creating bean with name 'entryController' defined in file [/Users/oguzhanturkmen/Desktop/sophia-dictionary/target/classes/com/sophia/controller/business/EntryController.class]: Unsatisfied dependency expressed through constructor parameter 0; nested exception is org.springframework.beans.factory.UnsatisfiedDependencyException: Error creating bean with name 'entryService' defined in file [/Users/oguzhanturkmen/Desktop/sophia-dictionary/target/classes/com/sophia/service/business/EntryService.class]: Unsatisfied dependency expressed through constructor parameter 0; nested exception is org.springframework.beans.factory.UnsatisfiedDependencyException: Error creating bean with name 'topicService' defined in file [/Users/oguzhanturkmen/Desktop/sophia-dictionary/target/classes/com/sophia/service/business/TopicService.class]: Unsatisfied dependency expressed through constructor parameter 0; nested exception is org.springframework.beans.factory.BeanCreationException: Error creating bean with name 'topicRepository' defined in com.sophia.repository.business.TopicRepository defined in @EnableJpaRepositories declared on JpaRepositoriesRegistrar.EnableJpaRepositoriesConfiguration: Invocation of init method failed; nested exception is org.springframework.data.repository.query.QueryCreationException: Could not create query for public abstract org.springframework.data.domain.Page com.sophia.repository.business.TopicRepository.findTopicsByChannelTags(java.util.List,org.springframework.data.domain.Pageable); Reason: Failed to create query for method public abstract org.springframework.data.domain.Page com.sophia.repository.business.TopicRepository.findTopicsByChannelTags(java.util.List,org.springframework.data.domain.Pageable)! Operator SIMPLE_PROPERTY on channelTags requires a scalar argument, found interface java.util.List in method public abstract org.springframework.data.domain.Page com.sophia.repository.business.TopicRepository.findTopicsByChannelTags(java.util.List,org.springframework.data.domain.Pageable).; nested exception is java.lang.IllegalArgumentException: Failed to create query for method public abstract org.springframework.data.domain.Page com.sophia.repository.business.TopicRepository.findTopicsByChannelTags(java.util.List,org.springframework.data.domain.Pageable)! Operator SIMPLE_PROPERTY on channelTags requires a scalar argument, found interface java.util.List in method public abstract org.springframework.data.domain.Page com.sophia.repository.business.TopicRepository.findTopicsByChannelTags(java.util.List,org.springframework.data.domain.Pageable).
	at org.springframework.beans.factory.support.ConstructorResolver.createArgumentArray(ConstructorResolver.java:800)
	at org.springframework.beans.factory.support.ConstructorResolver.autowireConstructor(ConstructorResolver.java:229)
	at org.springframework.beans.factory.support.AbstractAutowireCapableBeanFactory.autowireConstructor(AbstractAutowireCapableBeanFactory.java:1372)
	at org.springframework.beans.factory.support.AbstractAutowireCapableBeanFactory.createBeanInstance(AbstractAutowireCapableBeanFactory.java:1222)
	at org.springframework.beans.factory.support.AbstractAutowireCapableBeanFactory.doCreateBean(AbstractAutowireCapableBeanFactory.java:582)
	at org.springframework.beans.factory.support.AbstractAutowireCapableBeanFactory.createBean(AbstractAutowireCapableBeanFactory.java:542)
	at org.springframework.beans.factory.support.AbstractBeanFactory.lambda$doGetBean$0(AbstractBeanFactory.java:335)
	at org.springframework.beans.factory.support.DefaultSingletonBeanRegistry.getSingleton(DefaultSingletonBeanRegistry.java:234)
	at org.springframework.beans.factory.support.AbstractBeanFactory.doGetBean(AbstractBeanFactory.java:333)
	at org.springframework.beans.factory.support.AbstractBeanFactory.getBean(AbstractBeanFactory.java:208)
	at org.springframework.beans.factory.support.DefaultListableBeanFactory.preInstantiateSingletons(DefaultListableBeanFactory.java:955)
	at org.springframework.context.support.AbstractApplicationContext.finishBeanFactoryInitialization(AbstractApplicationContext.java:918)
	at org.springframework.context.support.AbstractApplicationContext.refresh(AbstractApplicationContext.java:583)
	at org.springframework.boot.web.servlet.context.ServletWebServerApplicationContext.refresh(ServletWebServerApplicationContext.java:147)
	at org.springframework.boot.SpringApplication.refresh(SpringApplication.java:734)
	at org.springframework.boot.SpringApplication.refreshContext(SpringApplication.java:408)
	at org.springframework.boot.SpringApplication.run(SpringApplication.java:308)
	at org.springframework.boot.SpringApplication.run(SpringApplication.java:1306)
	at org.springframework.boot.SpringApplication.run(SpringApplication.java:1295)
	at com.sophia.SophiaDictionaryApplication.main(SophiaDictionaryApplication.java:10)
Caused by: org.springframework.beans.factory.UnsatisfiedDependencyException: Error creating bean with name 'entryService' defined in file [/Users/oguzhanturkmen/Desktop/sophia-dictionary/target/classes/com/sophia/service/business/EntryService.class]: Unsatisfied dependency expressed through constructor parameter 0; nested exception is org.springframework.beans.factory.UnsatisfiedDependencyException: Error creating bean with name 'topicService' defined in file [/Users/oguzhanturkmen/Desktop/sophia-dictionary/target/classes/com/sophia/service/business/TopicService.class]: Unsatisfied dependency expressed through constructor parameter 0; nested exception is org.springframework.beans.factory.BeanCreationException: Error creating bean with name 'topicRepository' defined in com.sophia.repository.business.TopicRepository defined in @EnableJpaRepositories declared on JpaRepositoriesRegistrar.EnableJpaRepositoriesConfiguration: Invocation of init method failed; nested exception is org.springframework.data.repository.query.QueryCreationException: Could not create query for public abstract org.springframework.data.domain.Page com.sophia.repository.business.TopicRepository.findTopicsByChannelTags(java.util.List,org.springframework.data.domain.Pageable); Reason: Failed to create query for method public abstract org.springframework.data.domain.Page com.sophia.repository.business.TopicRepository.findTopicsByChannelTags(java.util.List,org.springframework.data.domain.Pageable)! Operator SIMPLE_PROPERTY on channelTags requires a scalar argument, found interface java.util.List in method public abstract org.springframework.data.domain.Page com.sophia.repository.business.TopicRepository.findTopicsByChannelTags(java.util.List,org.springframework.data.domain.Pageable).; nested exception is java.lang.IllegalArgumentException: Failed to create query for method public abstract org.springframework.data.domain.Page com.sophia.repository.business.TopicRepository.findTopicsByChannelTags(java.util.List,org.springframework.data.domain.Pageable)! Operator SIMPLE_PROPERTY on channelTags requires a scalar argument, found interface java.util.List in method public abstract org.springframework.data.domain.Page com.sophia.repository.business.TopicRepository.findTopicsByChannelTags(java.util.List,org.springframework.data.domain.Pageable).
	at org.springframework.beans.factory.support.ConstructorResolver.createArgumentArray(ConstructorResolver.java:800)
	at org.springframework.beans.factory.support.ConstructorResolver.autowireConstructor(ConstructorResolver.java:229)
	at org.springframework.beans.factory.support.AbstractAutowireCapableBeanFactory.autowireConstructor(AbstractAutowireCapableBeanFactory.java:1372)
	at org.springframework.beans.factory.support.AbstractAutowireCapableBeanFactory.createBeanInstance(AbstractAutowireCapableBeanFactory.java:1222)
	at org.springframework.beans.factory.support.AbstractAutowireCapableBeanFactory.doCreateBean(AbstractAutowireCapableBeanFactory.java:582)
	at org.springframework.beans.factory.support.AbstractAutowireCapableBeanFactory.createBean(AbstractAutowireCapableBeanFactory.java:542)
	at org.springframework.beans.factory.support.AbstractBeanFactory.lambda$doGetBean$0(AbstractBeanFactory.java:335)
	at org.springframework.beans.factory.support.DefaultSingletonBeanRegistry.getSingleton(DefaultSingletonBeanRegistry.java:234)
	at org.springframework.beans.factory.support.AbstractBeanFactory.doGetBean(AbstractBeanFactory.java:333)
	at org.springframework.beans.factory.support.AbstractBeanFactory.getBean(AbstractBeanFactory.java:208)
	at org.springframework.beans.factory.config.DependencyDescriptor.resolveCandidate(DependencyDescriptor.java:276)
	at org.springframework.beans.factory.support.DefaultListableBeanFactory.doResolveDependency(DefaultListableBeanFactory.java:1391)
	at org.springframework.beans.factory.support.DefaultListableBeanFactory.resolveDependency(DefaultListableBeanFactory.java:1311)
	at org.springframework.beans.factory.support.ConstructorResolver.resolveAutowiredArgument(ConstructorResolver.java:887)
	at org.springframework.beans.factory.support.ConstructorResolver.createArgumentArray(ConstructorResolver.java:791)
	... 19 common frames omitted
Caused by: org.springframework.beans.factory.UnsatisfiedDependencyException: Error creating bean with name 'topicService' defined in file [/Users/oguzhanturkmen/Desktop/sophia-dictionary/target/classes/com/sophia/service/business/TopicService.class]: Unsatisfied dependency expressed through constructor parameter 0; nested exception is org.springframework.beans.factory.BeanCreationException: Error creating bean with name 'topicRepository' defined in com.sophia.repository.business.TopicRepository defined in @EnableJpaRepositories declared on JpaRepositoriesRegistrar.EnableJpaRepositoriesConfiguration: Invocation of init method failed; nested exception is org.springframework.data.repository.query.QueryCreationException: Could not create query for public abstract org.springframework.data.domain.Page com.sophia.repository.business.TopicRepository.findTopicsByChannelTags(java.util.List,org.springframework.data.domain.Pageable); Reason: Failed to create query for method public abstract org.springframework.data.domain.Page com.sophia.repository.business.TopicRepository.findTopicsByChannelTags(java.util.List,org.springframework.data.domain.Pageable)! Operator SIMPLE_PROPERTY on channelTags requires a scalar argument, found interface java.util.List in method public abstract org.springframework.data.domain.Page com.sophia.repository.business.TopicRepository.findTopicsByChannelTags(java.util.List,org.springframework.data.domain.Pageable).; nested exception is java.lang.IllegalArgumentException: Failed to create query for method public abstract org.springframework.data.domain.Page com.sophia.repository.business.TopicRepository.findTopicsByChannelTags(java.util.List,org.springframework.data.domain.Pageable)! Operator SIMPLE_PROPERTY on channelTags requires a scalar argument, found interface java.util.List in method public abstract org.springframework.data.domain.Page com.sophia.repository.business.TopicRepository.findTopicsByChannelTags(java.util.List,org.springframework.data.domain.Pageable).
	at org.springframework.beans.factory.support.ConstructorResolver.createArgumentArray(ConstructorResolver.java:800)
	at org.springframework.beans.factory.support.ConstructorResolver.autowireConstructor(ConstructorResolver.java:229)
	at org.springframework.beans.factory.support.AbstractAutowireCapableBeanFactory.autowireConstructor(AbstractAutowireCapableBeanFactory.java:1372)
	at org.springframework.beans.factory.support.AbstractAutowireCapableBeanFactory.createBeanInstance(AbstractAutowireCapableBeanFactory.java:1222)
	at org.springframework.beans.factory.support.AbstractAutowireCapableBeanFactory.doCreateBean(AbstractAutowireCapableBeanFactory.java:582)
	at org.springframework.beans.factory.support.AbstractAutowireCapableBeanFactory.createBean(AbstractAutowireCapableBeanFactory.java:542)
	at org.springframework.beans.factory.support.AbstractBeanFactory.lambda$doGetBean$0(AbstractBeanFactory.java:335)
	at org.springframework.beans.factory.support.DefaultSingletonBeanRegistry.getSingleton(DefaultSingletonBeanRegistry.java:234)
	at org.springframework.beans.factory.support.AbstractBeanFactory.doGetBean(AbstractBeanFactory.java:333)
	at org.springframework.beans.factory.support.AbstractBeanFactory.getBean(AbstractBeanFactory.java:208)
	at org.springframework.beans.factory.config.DependencyDescriptor.resolveCandidate(DependencyDescriptor.java:276)
	at org.springframework.beans.factory.support.DefaultListableBeanFactory.doResolveDependency(DefaultListableBeanFactory.java:1391)
	at org.springframework.beans.factory.support.DefaultListableBeanFactory.resolveDependency(DefaultListableBeanFactory.java:1311)
	at org.springframework.beans.factory.support.ConstructorResolver.resolveAutowiredArgument(ConstructorResolver.java:887)
	at org.springframework.beans.factory.support.ConstructorResolver.createArgumentArray(ConstructorResolver.java:791)
	... 33 common frames omitted
Caused by: org.springframework.beans.factory.BeanCreationException: Error creating bean with name 'topicRepository' defined in com.sophia.repository.business.TopicRepository defined in @EnableJpaRepositories declared on JpaRepositoriesRegistrar.EnableJpaRepositoriesConfiguration: Invocation of init method failed; nested exception is org.springframework.data.repository.query.QueryCreationException: Could not create query for public abstract org.springframework.data.domain.Page com.sophia.repository.business.TopicRepository.findTopicsByChannelTags(java.util.List,org.springframework.data.domain.Pageable); Reason: Failed to create query for method public abstract org.springframework.data.domain.Page com.sophia.repository.business.TopicRepository.findTopicsByChannelTags(java.util.List,org.springframework.data.domain.Pageable)! Operator SIMPLE_PROPERTY on channelTags requires a scalar argument, found interface java.util.List in method public abstract org.springframework.data.domain.Page com.sophia.repository.business.TopicRepository.findTopicsByChannelTags(java.util.List,org.springframework.data.domain.Pageable).; nested exception is java.lang.IllegalArgumentException: Failed to create query for method public abstract org.springframework.data.domain.Page com.sophia.repository.business.TopicRepository.findTopicsByChannelTags(java.util.List,org.springframework.data.domain.Pageable)! Operator SIMPLE_PROPERTY on channelTags requires a scalar argument, found interface java.util.List in method public abstract org.springframework.data.domain.Page com.sophia.repository.business.TopicRepository.findTopicsByChannelTags(java.util.List,org.springframework.data.domain.Pageable).
	at org.springframework.beans.factory.support.AbstractAutowireCapableBeanFactory.initializeBean(AbstractAutowireCapableBeanFactory.java:1804)
	at org.springframework.beans.factory.support.AbstractAutowireCapableBeanFactory.doCreateBean(AbstractAutowireCapableBeanFactory.java:620)
	at org.springframework.beans.factory.support.AbstractAutowireCapableBeanFactory.createBean(AbstractAutowireCapableBeanFactory.java:542)
	at org.springframework.beans.factory.support.AbstractBeanFactory.lambda$doGetBean$0(AbstractBeanFactory.java:335)
	at org.springframework.beans.factory.support.DefaultSingletonBeanRegistry.getSingleton(DefaultSingletonBeanRegistry.java:234)
	at org.springframework.beans.factory.support.AbstractBeanFactory.doGetBean(AbstractBeanFactory.java:333)
	at org.springframework.beans.factory.support.AbstractBeanFactory.getBean(AbstractBeanFactory.java:208)
	at org.springframework.beans.factory.config.DependencyDescriptor.resolveCandidate(DependencyDescriptor.java:276)
	at org.springframework.beans.factory.support.DefaultListableBeanFactory.doResolveDependency(DefaultListableBeanFactory.java:1391)
	at org.springframework.beans.factory.support.DefaultListableBeanFactory.resolveDependency(DefaultListableBeanFactory.java:1311)
	at org.springframework.beans.factory.support.ConstructorResolver.resolveAutowiredArgument(ConstructorResolver.java:887)
	at org.springframework.beans.factory.support.ConstructorResolver.createArgumentArray(ConstructorResolver.java:791)
	... 47 common frames omitted
Caused by: org.springframework.data.repository.query.QueryCreationException: Could not create query for public abstract org.springframework.data.domain.Page com.sophia.repository.business.TopicRepository.findTopicsByChannelTags(java.util.List,org.springframework.data.domain.Pageable); Reason: Failed to create query for method public abstract org.springframework.data.domain.Page com.sophia.repository.business.TopicRepository.findTopicsByChannelTags(java.util.List,org.springframework.data.domain.Pageable)! Operator SIMPLE_PROPERTY on channelTags requires a scalar argument, found interface java.util.List in method public abstract org.springframework.data.domain.Page com.sophia.repository.business.TopicRepository.findTopicsByChannelTags(java.util.List,org.springframework.data.domain.Pageable).; nested exception is java.lang.IllegalArgumentException: Failed to create query for method public abstract org.springframework.data.domain.Page com.sophia.repository.business.TopicRepository.findTopicsByChannelTags(java.util.List,org.springframework.data.domain.Pageable)! Operator SIMPLE_PROPERTY on channelTags requires a scalar argument, found interface java.util.List in method public abstract org.springframework.data.domain.Page com.sophia.repository.business.TopicRepository.findTopicsByChannelTags(java.util.List,org.springframework.data.domain.Pageable).
	at org.springframework.data.repository.query.QueryCreationException.create(QueryCreationException.java:101)
	at org.springframework.data.repository.core.support.QueryExecutorMethodInterceptor.lookupQuery(QueryExecutorMethodInterceptor.java:107)
	at org.springframework.data.repository.core.support.QueryExecutorMethodInterceptor.lambda$mapMethodsToQuery$1(QueryExecutorMethodInterceptor.java:95)
	at java.base/java.util.stream.ReferencePipeline$3$1.accept(ReferencePipeline.java:197)
	at java.base/java.util.Iterator.forEachRemaining(Iterator.java:133)
	at java.base/java.util.Collections$UnmodifiableCollection$1.forEachRemaining(Collections.java:1061)
	at java.base/java.util.Spliterators$IteratorSpliterator.forEachRemaining(Spliterators.java:1845)
	at java.base/java.util.stream.AbstractPipeline.copyInto(AbstractPipeline.java:509)
	at java.base/java.util.stream.AbstractPipeline.wrapAndCopyInto(AbstractPipeline.java:499)
	at java.base/java.util.stream.ReduceOps$ReduceOp.evaluateSequential(ReduceOps.java:921)
	at java.base/java.util.stream.AbstractPipeline.evaluate(AbstractPipeline.java:234)
	at java.base/java.util.stream.ReferencePipeline.collect(ReferencePipeline.java:682)
	at org.springframework.data.repository.core.support.QueryExecutorMethodInterceptor.mapMethodsToQuery(QueryExecutorMethodInterceptor.java:97)
	at org.springframework.data.repository.core.support.QueryExecutorMethodInterceptor.lambda$new$0(QueryExecutorMethodInterceptor.java:87)
	at java.base/java.util.Optional.map(Optional.java:260)
	at org.springframework.data.repository.core.support.QueryExecutorMethodInterceptor.<init>(QueryExecutorMethodInterceptor.java:87)
	at org.springframework.data.repository.core.support.RepositoryFactorySupport.getRepository(RepositoryFactorySupport.java:365)
	at org.springframework.data.repository.core.support.RepositoryFactoryBeanSupport.lambda$afterPropertiesSet$5(RepositoryFactoryBeanSupport.java:323)
	at org.springframework.data.util.Lazy.getNullable(Lazy.java:231)
	at org.springframework.data.util.Lazy.get(Lazy.java:115)
	at org.springframework.data.repository.core.support.RepositoryFactoryBeanSupport.afterPropertiesSet(RepositoryFactoryBeanSupport.java:329)
	at org.springframework.data.jpa.repository.support.JpaRepositoryFactoryBean.afterPropertiesSet(JpaRepositoryFactoryBean.java:144)
	at org.springframework.beans.factory.support.AbstractAutowireCapableBeanFactory.invokeInitMethods(AbstractAutowireCapableBeanFactory.java:1863)
	at org.springframework.beans.factory.support.AbstractAutowireCapableBeanFactory.initializeBean(AbstractAutowireCapableBeanFactory.java:1800)
	... 58 common frames omitted
Caused by: java.lang.IllegalArgumentException: Failed to create query for method public abstract org.springframework.data.domain.Page com.sophia.repository.business.TopicRepository.findTopicsByChannelTags(java.util.List,org.springframework.data.domain.Pageable)! Operator SIMPLE_PROPERTY on channelTags requires a scalar argument, found interface java.util.List in method public abstract org.springframework.data.domain.Page com.sophia.repository.business.TopicRepository.findTopicsByChannelTags(java.util.List,org.springframework.data.domain.Pageable).
	at org.springframework.data.jpa.repository.query.PartTreeJpaQuery.<init>(PartTreeJpaQuery.java:96)
	at org.springframework.data.jpa.repository.query.JpaQueryLookupStrategy$CreateQueryLookupStrategy.resolveQuery(JpaQueryLookupStrategy.java:119)
	at org.springframework.data.jpa.repository.query.JpaQueryLookupStrategy$CreateIfNotFoundQueryLookupStrategy.resolveQuery(JpaQueryLookupStrategy.java:259)
	at org.springframework.data.jpa.repository.query.JpaQueryLookupStrategy$AbstractQueryLookupStrategy.resolveQuery(JpaQueryLookupStrategy.java:93)
	at org.springframework.data.repository.core.support.QueryExecutorMethodInterceptor.lookupQuery(QueryExecutorMethodInterceptor.java:103)
	... 80 common frames omitted
Caused by: java.lang.IllegalStateException: Operator SIMPLE_PROPERTY on channelTags requires a scalar argument, found interface java.util.List in method public abstract org.springframework.data.domain.Page com.sophia.repository.business.TopicRepository.findTopicsByChannelTags(java.util.List,org.springframework.data.domain.Pageable).
	at org.springframework.data.jpa.repository.query.PartTreeJpaQuery.throwExceptionOnArgumentMismatch(PartTreeJpaQuery.java:171)
	at org.springframework.data.jpa.repository.query.PartTreeJpaQuery.validate(PartTreeJpaQuery.java:147)
	at org.springframework.data.jpa.repository.query.PartTreeJpaQuery.<init>(PartTreeJpaQuery.java:90)
	... 84 common frames omitted
"2024-03-17 02:47:09,430 INFO  [main] com.sophia.SophiaDictionaryApplication:Starting SophiaDictionaryApplication using Java 17.0.9 on Oguzhan-MacBook-Air.local with PID 18774 (/Users/oguzhanturkmen/Desktop/sophia-dictionary/target/classes started by oguzhanturkmen in /Users/oguzhanturkmen/Desktop/sophia-dictionary)
""2024-03-17 02:47:09,431 INFO  [main] com.sophia.SophiaDictionaryApplication:No active profile set, falling back to 1 default profile: "default"
""2024-03-17 02:47:09,724 INFO  [main] org.springframework.data.repository.config.RepositoryConfigurationDelegate:Bootstrapping Spring Data JPA repositories in DEFAULT mode.
""2024-03-17 02:47:09,755 INFO  [main] org.springframework.data.repository.config.RepositoryConfigurationDelegate:Finished Spring Data repository scanning in 28 ms. Found 8 JPA repository interfaces.
""2024-03-17 02:47:09,952 INFO  [main] org.springframework.boot.web.embedded.tomcat.TomcatWebServer:Tomcat initialized with port(s): 8084 (http)
""2024-03-17 02:47:09,956 INFO  [main] org.apache.catalina.core.StandardService:Starting service [Tomcat]
""2024-03-17 02:47:09,956 INFO  [main] org.apache.catalina.core.StandardEngine:Starting Servlet engine: [Apache Tomcat/9.0.68]
""2024-03-17 02:47:09,985 INFO  [main] org.apache.catalina.core.ContainerBase.[Tomcat].[localhost].[/]:Initializing Spring embedded WebApplicationContext
""2024-03-17 02:47:09,985 INFO  [main] org.springframework.boot.web.servlet.context.ServletWebServerApplicationContext:Root WebApplicationContext: initialization completed in 538 ms
""2024-03-17 02:47:10,045 INFO  [main] org.hibernate.jpa.internal.util.LogHelper:HHH000204: Processing PersistenceUnitInfo [name: default]
""2024-03-17 02:47:10,060 INFO  [main] org.hibernate.Version:HHH000412: Hibernate ORM core version 5.6.12.Final
""2024-03-17 02:47:10,109 INFO  [main] org.hibernate.annotations.common.Version:HCANN000001: Hibernate Commons Annotations {5.1.2.Final}
""2024-03-17 02:47:10,143 INFO  [main] com.zaxxer.hikari.HikariDataSource:HikariPool-1 - Starting...
""2024-03-17 02:47:10,206 INFO  [main] com.zaxxer.hikari.HikariDataSource:HikariPool-1 - Start completed.
""2024-03-17 02:47:10,213 INFO  [main] org.hibernate.dialect.Dialect:HHH000400: Using dialect: org.hibernate.dialect.PostgreSQL81Dialect
""2024-03-17 02:47:10,568 INFO  [main] org.hibernate.engine.transaction.jta.platform.internal.JtaPlatformInitiator:HHH000490: Using JtaPlatform implementation: [org.hibernate.engine.transaction.jta.platform.internal.NoJtaPlatform]
""2024-03-17 02:47:10,572 INFO  [main] org.springframework.orm.jpa.LocalContainerEntityManagerFactoryBean:Initialized JPA EntityManagerFactory for persistence unit 'default'
""2024-03-17 02:47:10,995 WARN  [main] org.springframework.boot.autoconfigure.orm.jpa.JpaBaseConfiguration$JpaWebConfiguration:spring.jpa.open-in-view is enabled by default. Therefore, database queries may be performed during view rendering. Explicitly configure spring.jpa.open-in-view to disable this warning
""2024-03-17 02:47:11,191 INFO  [main] org.springframework.security.web.DefaultSecurityFilterChain:Will secure any request with [org.springframework.security.web.session.DisableEncodeUrlFilter@256d8f17, org.springframework.security.web.context.request.async.WebAsyncManagerIntegrationFilter@2319c1e0, org.springframework.security.web.context.SecurityContextPersistenceFilter@18356951, org.springframework.security.web.header.HeaderWriterFilter@6e96f3cd, org.springframework.web.filter.CorsFilter@659e003e, org.springframework.security.web.authentication.logout.LogoutFilter@4678ec43, com.sophia.security.jwt.AuthTokenFilter@70eb94d7, org.springframework.security.web.savedrequest.RequestCacheAwareFilter@3a0b6aff, org.springframework.security.web.servletapi.SecurityContextHolderAwareRequestFilter@f1e1d66, org.springframework.security.web.authentication.AnonymousAuthenticationFilter@5f3c866c, org.springframework.security.web.session.SessionManagementFilter@6a9ac8b, org.springframework.security.web.access.ExceptionTranslationFilter@242ebd3b, org.springframework.security.web.access.intercept.FilterSecurityInterceptor@bb1b872]
""2024-03-17 02:47:11,321 INFO  [main] org.springframework.boot.web.embedded.tomcat.TomcatWebServer:Tomcat started on port(s): 8084 (http) with context path ''
""2024-03-17 02:47:11,326 INFO  [main] com.sophia.SophiaDictionaryApplication:Started SophiaDictionaryApplication in 2.035 seconds (JVM running for 2.229)
""2024-03-17 02:47:56,719 INFO  [http-nio-8084-exec-2] org.apache.catalina.core.ContainerBase.[Tomcat].[localhost].[/]:Initializing Spring DispatcherServlet 'dispatcherServlet'
""2024-03-17 02:47:56,755 ERROR [http-nio-8084-exec-2] com.sophia.security.jwt.JwtUtils:JWT token is expired: JWT expired at 2024-03-16T23:15:34Z. Current time: 2024-03-17T02:47:56Z, a difference of 12742755 milliseconds.  Allowed clock skew: 0 milliseconds.
""2024-03-17 02:47:56,758 ERROR [http-nio-8084-exec-2] com.sophia.security.jwt.JwtUtils:JWT token is expired: JWT expired at 2024-03-16T23:15:34Z. Current time: 2024-03-17T02:47:56Z, a difference of 12742758 milliseconds.  Allowed clock skew: 0 milliseconds.
""2024-03-17 02:48:28,409 ERROR [http-nio-8084-exec-3] com.sophia.security.jwt.JwtUtils:JWT token is expired: JWT expired at 2024-03-16T23:15:34Z. Current time: 2024-03-17T02:48:28Z, a difference of 12774409 milliseconds.  Allowed clock skew: 0 milliseconds.
""2024-03-17 02:48:28,413 ERROR [http-nio-8084-exec-3] com.sophia.security.jwt.JwtUtils:JWT token is expired: JWT expired at 2024-03-16T23:15:34Z. Current time: 2024-03-17T02:48:28Z, a difference of 12774412 milliseconds.  Allowed clock skew: 0 milliseconds.
""2024-03-17 03:12:56,164 ERROR [http-nio-8084-exec-10] com.sophia.security.jwt.JwtUtils:JWT token is expired: JWT expired at 2024-03-16T23:15:34Z. Current time: 2024-03-17T03:12:56Z, a difference of 14242163 milliseconds.  Allowed clock skew: 0 milliseconds.
""2024-03-17 03:12:56,168 ERROR [http-nio-8084-exec-10] com.sophia.security.jwt.JwtUtils:JWT token is expired: JWT expired at 2024-03-16T23:15:34Z. Current time: 2024-03-17T03:12:56Z, a difference of 14242168 milliseconds.  Allowed clock skew: 0 milliseconds.
""2024-03-17 03:12:57,537 ERROR [http-nio-8084-exec-1] com.sophia.security.jwt.JwtUtils:JWT token is expired: JWT expired at 2024-03-16T23:15:34Z. Current time: 2024-03-17T03:12:57Z, a difference of 14243537 milliseconds.  Allowed clock skew: 0 milliseconds.
""2024-03-17 03:12:57,539 ERROR [http-nio-8084-exec-1] com.sophia.security.jwt.JwtUtils:JWT token is expired: JWT expired at 2024-03-16T23:15:34Z. Current time: 2024-03-17T03:12:57Z, a difference of 14243539 milliseconds.  Allowed clock skew: 0 milliseconds.
""2024-03-17 03:15:22,535 ERROR [http-nio-8084-exec-10] com.sophia.security.jwt.JwtUtils:JWT token is expired: JWT expired at 2024-03-16T23:15:34Z. Current time: 2024-03-17T03:15:22Z, a difference of 14388534 milliseconds.  Allowed clock skew: 0 milliseconds.
""2024-03-17 03:15:22,536 ERROR [http-nio-8084-exec-10] com.sophia.security.jwt.JwtUtils:JWT token is expired: JWT expired at 2024-03-16T23:15:34Z. Current time: 2024-03-17T03:15:22Z, a difference of 14388536 milliseconds.  Allowed clock skew: 0 milliseconds.
""2024-03-17 03:15:26,465 ERROR [http-nio-8084-exec-1] com.sophia.security.jwt.JwtUtils:JWT token is expired: JWT expired at 2024-03-16T23:15:34Z. Current time: 2024-03-17T03:15:26Z, a difference of 14392465 milliseconds.  Allowed clock skew: 0 milliseconds.
""2024-03-17 03:15:26,466 ERROR [http-nio-8084-exec-1] com.sophia.security.jwt.JwtUtils:JWT token is expired: JWT expired at 2024-03-16T23:15:34Z. Current time: 2024-03-17T03:15:26Z, a difference of 14392466 milliseconds.  Allowed clock skew: 0 milliseconds.
""2024-03-17 03:16:13,762 ERROR [http-nio-8084-exec-3] com.sophia.security.jwt.JwtUtils:JWT token is expired: JWT expired at 2024-03-16T23:15:34Z. Current time: 2024-03-17T03:16:13Z, a difference of 14439762 milliseconds.  Allowed clock skew: 0 milliseconds.
""2024-03-17 03:16:13,764 ERROR [http-nio-8084-exec-3] com.sophia.security.jwt.JwtUtils:JWT token is expired: JWT expired at 2024-03-16T23:15:34Z. Current time: 2024-03-17T03:16:13Z, a difference of 14439764 milliseconds.  Allowed clock skew: 0 milliseconds.
""2024-03-17 03:16:19,329 ERROR [http-nio-8084-exec-2] com.sophia.security.jwt.JwtUtils:JWT token is expired: JWT expired at 2024-03-16T23:15:34Z. Current time: 2024-03-17T03:16:19Z, a difference of 14445328 milliseconds.  Allowed clock skew: 0 milliseconds.
""2024-03-17 03:16:19,330 ERROR [http-nio-8084-exec-2] com.sophia.security.jwt.JwtUtils:JWT token is expired: JWT expired at 2024-03-16T23:15:34Z. Current time: 2024-03-17T03:16:19Z, a difference of 14445330 milliseconds.  Allowed clock skew: 0 milliseconds.
""2024-03-17 03:18:35,497 INFO  [http-nio-8084-exec-2] org.springdoc.api.AbstractOpenApiResource:Init duration for springdoc-openapi is: 148 ms
""2024-03-17 03:34:11,478 ERROR [http-nio-8084-exec-1] com.sophia.security.jwt.JwtUtils:JWT token is expired: JWT expired at 2024-03-16T23:15:34Z. Current time: 2024-03-17T03:34:11Z, a difference of 15517478 milliseconds.  Allowed clock skew: 0 milliseconds.
""2024-03-17 03:34:11,481 ERROR [http-nio-8084-exec-1] com.sophia.security.jwt.JwtUtils:JWT token is expired: JWT expired at 2024-03-16T23:15:34Z. Current time: 2024-03-17T03:34:11Z, a difference of 15517481 milliseconds.  Allowed clock skew: 0 milliseconds.
""2024-03-17 03:34:24,517 ERROR [http-nio-8084-exec-2] com.sophia.security.jwt.JwtUtils:JWT token is expired: JWT expired at 2024-03-16T23:15:34Z. Current time: 2024-03-17T03:34:24Z, a difference of 15530517 milliseconds.  Allowed clock skew: 0 milliseconds.
""2024-03-17 03:34:24,518 ERROR [http-nio-8084-exec-2] com.sophia.security.jwt.JwtUtils:JWT token is expired: JWT expired at 2024-03-16T23:15:34Z. Current time: 2024-03-17T03:34:24Z, a difference of 15530518 milliseconds.  Allowed clock skew: 0 milliseconds.
""2024-03-17 03:53:36,203 ERROR [http-nio-8084-exec-10] com.sophia.security.jwt.JwtUtils:JWT token is expired: JWT expired at 2024-03-10T23:24:24Z. Current time: 2024-03-17T03:53:36Z, a difference of 534552202 milliseconds.  Allowed clock skew: 0 milliseconds.
""2024-03-17 03:53:36,203 ERROR [http-nio-8084-exec-8] com.sophia.security.jwt.JwtUtils:JWT token is expired: JWT expired at 2024-03-10T23:24:24Z. Current time: 2024-03-17T03:53:36Z, a difference of 534552202 milliseconds.  Allowed clock skew: 0 milliseconds.
""2024-03-17 03:53:36,206 ERROR [http-nio-8084-exec-10] com.sophia.security.jwt.JwtUtils:JWT token is expired: JWT expired at 2024-03-10T23:24:24Z. Current time: 2024-03-17T03:53:36Z, a difference of 534552206 milliseconds.  Allowed clock skew: 0 milliseconds.
""2024-03-17 03:53:36,206 ERROR [http-nio-8084-exec-8] com.sophia.security.jwt.JwtUtils:JWT token is expired: JWT expired at 2024-03-10T23:24:24Z. Current time: 2024-03-17T03:53:36Z, a difference of 534552206 milliseconds.  Allowed clock skew: 0 milliseconds.
""2024-03-17 03:53:41,798 ERROR [http-nio-8084-exec-3] com.sophia.security.jwt.JwtUtils:JWT token is expired: JWT expired at 2024-03-10T23:24:24Z. Current time: 2024-03-17T03:53:41Z, a difference of 534557798 milliseconds.  Allowed clock skew: 0 milliseconds.
""2024-03-17 03:53:41,800 ERROR [http-nio-8084-exec-3] com.sophia.security.jwt.JwtUtils:JWT token is expired: JWT expired at 2024-03-10T23:24:24Z. Current time: 2024-03-17T03:53:41Z, a difference of 534557800 milliseconds.  Allowed clock skew: 0 milliseconds.
""2024-03-17 03:53:43,897 ERROR [http-nio-8084-exec-1] com.sophia.security.jwt.JwtUtils:JWT token is expired: JWT expired at 2024-03-10T23:24:24Z. Current time: 2024-03-17T03:53:43Z, a difference of 534559897 milliseconds.  Allowed clock skew: 0 milliseconds.
""2024-03-17 03:53:43,899 ERROR [http-nio-8084-exec-1] com.sophia.security.jwt.JwtUtils:JWT token is expired: JWT expired at 2024-03-10T23:24:24Z. Current time: 2024-03-17T03:53:43Z, a difference of 534559899 milliseconds.  Allowed clock skew: 0 milliseconds.
""2024-03-17 03:53:45,993 ERROR [http-nio-8084-exec-6] com.sophia.security.jwt.JwtUtils:JWT token is expired: JWT expired at 2024-03-10T23:24:24Z. Current time: 2024-03-17T03:53:45Z, a difference of 534561993 milliseconds.  Allowed clock skew: 0 milliseconds.
""2024-03-17 03:53:45,995 ERROR [http-nio-8084-exec-6] com.sophia.security.jwt.JwtUtils:JWT token is expired: JWT expired at 2024-03-10T23:24:24Z. Current time: 2024-03-17T03:53:45Z, a difference of 534561995 milliseconds.  Allowed clock skew: 0 milliseconds.
""2024-03-17 03:53:47,172 ERROR [http-nio-8084-exec-2] com.sophia.security.jwt.JwtUtils:JWT token is expired: JWT expired at 2024-03-10T23:24:24Z. Current time: 2024-03-17T03:53:47Z, a difference of 534563172 milliseconds.  Allowed clock skew: 0 milliseconds.
""2024-03-17 03:53:47,174 ERROR [http-nio-8084-exec-2] com.sophia.security.jwt.AuthEntryPointJwt:Unauthorized error: Full authentication is required to access this resource
""2024-03-17 03:53:50,409 ERROR [http-nio-8084-exec-5] com.sophia.security.jwt.JwtUtils:JWT token is expired: JWT expired at 2024-03-10T23:24:24Z. Current time: 2024-03-17T03:53:50Z, a difference of 534566409 milliseconds.  Allowed clock skew: 0 milliseconds.
""2024-03-17 03:53:50,411 ERROR [http-nio-8084-exec-5] com.sophia.security.jwt.AuthEntryPointJwt:Unauthorized error: Full authentication is required to access this resource
"